

SYSTEM_START	-	MM-C107-07	MM-C107-07	2024-04-06 20:11:31


SYSTEM_INFO	CarMaker 12.0.1 - Car_Generic #5	jetbrains@66e0c34c4bd1 2023-05-24 12:39:25	(12.0.1 jetbrains@66e0c34c4bd1 2023-05-24 12:29:03)
SIM	1712423491	MM-C107-07	emanuese	TorqueVectoring	0	10	35.0273


SYSTEM_START	-	MM-C107-07	MM-C107-07	2024-04-06 20:11:44


SYSTEM_INFO	CarMaker 12.0.1 - Car_Generic #5	jetbrains@66e0c34c4bd1 2023-05-24 12:39:25	(12.0.1 jetbrains@66e0c34c4bd1 2023-05-24 12:29:03)
SIM	1712423504	MM-C107-07	emanuese	TorqueVectoring	0	10	9.387


SYSTEM_START	-	MM-C107-07	MM-C107-07	2024-04-06 20:12:07


SYSTEM_INFO	CarMaker 12.0.1 - Car_Generic #5	jetbrains@66e0c34c4bd1 2023-05-24 12:39:25	(12.0.1 jetbrains@66e0c34c4bd1 2023-05-24 12:29:03)
SIM	1712423527	MM-C107-07	emanuese	TorqueVectoring	0	10	35.0273


SYSTEM_START	-	MM-C107-07	MM-C107-07	2024-04-06 20:12:33


SYSTEM_INFO	CarMaker 12.0.1 - Car_Generic #5	jetbrains@66e0c34c4bd1 2023-05-24 12:39:25	(12.0.1 jetbrains@66e0c34c4bd1 2023-05-24 12:29:03)
SIM	1712423553	MM-C107-07	emanuese	TorqueVectoring	0	10	9.387


SYSTEM_START	-	MM-C107-07	MM-C107-07	2024-04-06 20:14:45


SYSTEM_INFO	CarMaker 12.0.1 - Car_Generic #5	jetbrains@66e0c34c4bd1 2023-05-24 12:39:25	(12.0.1 jetbrains@66e0c34c4bd1 2023-05-24 12:29:03)
SIM	1712423685	MM-C107-07	emanuese	TorqueVectoring	0	10	9.387


SYSTEM_START	-	MM-C107-07	MM-C107-07	2024-04-06 20:15:15


SYSTEM_INFO	CarMaker 12.0.1 - Car_Generic #5	jetbrains@66e0c34c4bd1 2023-05-24 12:39:25	(12.0.1 jetbrains@66e0c34c4bd1 2023-05-24 12:29:03)
SIM	1712423715	MM-C107-07	emanuese	TorqueVectoring	0	10	35.0273


SYSTEM_START	-	MM-C107-07	MM-C107-07	2024-04-06 20:19:49


SYSTEM_INFO	CarMaker 12.0.1 - Car_Generic #5	jetbrains@66e0c34c4bd1 2023-05-24 12:39:25	(12.0.1 jetbrains@66e0c34c4bd1 2023-05-24 12:29:03)
SIM	1712423989	MM-C107-07	emanuese	TorqueVectoring	0	10	9.387


SYSTEM_START	-	MM-C107-07	MM-C107-07	2024-04-06 20:21:24


SYSTEM_INFO	CarMaker 12.0.1 - Car_Generic #5	jetbrains@66e0c34c4bd1 2023-05-24 12:39:25	(12.0.1 jetbrains@66e0c34c4bd1 2023-05-24 12:29:03)
SIM	1712424084	MM-C107-07	emanuese	TorqueVectoring	0	10	28.848


SYSTEM_START	-	MM-C107-07	MM-C107-07	2024-04-06 20:23:59


SYSTEM_INFO	CarMaker 12.0.1 - Car_Generic #5	jetbrains@66e0c34c4bd1 2023-05-24 12:39:25	(12.0.1 jetbrains@66e0c34c4bd1 2023-05-24 12:29:03)
SIM	1712424239	MM-C107-07	emanuese	TorqueVectoring	0	10	28.848


SYSTEM_START	-	MM-C107-07	MM-C107-07	2024-04-06 20:30:08


SYSTEM_INFO	CarMaker 12.0.1 - Car_Generic #5	jetbrains@66e0c34c4bd1 2023-05-24 12:39:25	(12.0.1 jetbrains@66e0c34c4bd1 2023-05-24 12:29:03)
SIM	1712424608	MM-C107-07	emanuese	TorqueVectoring	0	10	28.848


SYSTEM_START	-	MM-C107-07	MM-C107-07	2024-04-06 20:32:55


SYSTEM_INFO	CarMaker 12.0.1 - Car_Generic #5	jetbrains@66e0c34c4bd1 2023-05-24 12:39:25	(12.0.1 jetbrains@66e0c34c4bd1 2023-05-24 12:29:03)
SIM	1712424775	MM-C107-07	emanuese	TorqueVectoring	0	10	28.848


SYSTEM_START	-	MM-C107-07	MM-C107-07	2024-04-06 20:33:21


SYSTEM_INFO	CarMaker 12.0.1 - Car_Generic #5	jetbrains@66e0c34c4bd1 2023-05-24 12:39:25	(12.0.1 jetbrains@66e0c34c4bd1 2023-05-24 12:29:03)
SIM	1712424801	MM-C107-07	emanuese	TorqueVectoring	0	10	28.848


SYSTEM_START	-	MM-C107-07	MM-C107-07	2024-04-06 20:44:05


SYSTEM_INFO	CarMaker 12.0.1 - Car_Generic #3	jetbrains@66e0c34c4bd1 2023-05-24 12:39:09	(12.0.1 jetbrains@66e0c34c4bd1 2023-05-24 12:29:03)


SYSTEM_START	-	MM-C107-07	MM-C107-07	2024-04-06 20:44:38


SYSTEM_INFO	CarMaker 12.0.1 - Car_Generic #3	jetbrains@66e0c34c4bd1 2023-05-24 12:39:09	(12.0.1 jetbrains@66e0c34c4bd1 2023-05-24 12:29:03)
SIM	1712425478	MM-C107-07			0	0	0
SIM	1712425480	MM-C107-07	emanuese	Competition/FS_Autocross	0	140.549	1510.61


SYSTEM_START	-	MM-C107-07	MM-C107-07	2024-04-06 20:46:19


SYSTEM_INFO	CarMaker 12.0.1 - Car_Generic #5	jetbrains@66e0c34c4bd1 2023-05-24 12:39:25	(12.0.1 jetbrains@66e0c34c4bd1 2023-05-24 12:29:03)
SIM	1712425579	MM-C107-07	emanuese	Competition/FS_Autocross	0	10	0.000392697


SYSTEM_START	-	MM-C107-07	MM-C107-07	2024-04-06 20:48:12


SYSTEM_INFO	CarMaker 12.0.1 - Car_Generic #5	jetbrains@66e0c34c4bd1 2023-05-24 12:39:25	(12.0.1 jetbrains@66e0c34c4bd1 2023-05-24 12:29:03)
SIM	1712425692	MM-C107-07	emanuese	Competition/FS_Autocross	0	34.236	0.000500174


SYSTEM_START	-	MM-C107-07	MM-C107-07	2024-04-06 20:48:46


SYSTEM_INFO	CarMaker 12.0.1 - Car_Generic #5	jetbrains@66e0c34c4bd1 2023-05-24 12:39:25	(12.0.1 jetbrains@66e0c34c4bd1 2023-05-24 12:29:03)
SIM	1712425726	MM-C107-07	emanuese	TorqueVectoring	0	1473.19	17612.1


SYSTEM_START	-	MM-C107-07	MM-C107-07	2024-04-06 20:56:51


SYSTEM_INFO	CarMaker 12.0.1 - Car_Generic #5	jetbrains@66e0c34c4bd1 2023-05-24 12:39:25	(12.0.1 jetbrains@66e0c34c4bd1 2023-05-24 12:29:03)
SIM	1712426211	MM-C107-07	emanuese	TorqueVectoring	0	261.799	1530.93


SYSTEM_START	-	MM-C107-07	MM-C107-07	2024-04-06 20:58:22


SYSTEM_INFO	CarMaker 12.0.1 - Car_Generic #5	jetbrains@66e0c34c4bd1 2023-05-24 12:39:25	(12.0.1 jetbrains@66e0c34c4bd1 2023-05-24 12:29:03)
SIM	1712426302	MM-C107-07	emanuese	TorqueVectoring	0	261.799	1530.93


SYSTEM_START	-	MM-C107-07	MM-C107-07	2024-04-06 21:01:13


SYSTEM_INFO	CarMaker 12.0.1 - Car_Generic #5	jetbrains@66e0c34c4bd1 2023-05-24 12:39:25	(12.0.1 jetbrains@66e0c34c4bd1 2023-05-24 12:29:03)
SIM	1712426473	MM-C107-07	emanuese	TorqueVectoring	0	56.062	328.554


SYSTEM_START	-	MM-C107-07	MM-C107-07	2024-04-06 21:01:41


SYSTEM_INFO	CarMaker 12.0.1 - Car_Generic #5	jetbrains@66e0c34c4bd1 2023-05-24 12:39:25	(12.0.1 jetbrains@66e0c34c4bd1 2023-05-24 12:29:03)
SIM	1712426501	MM-C107-07	emanuese	TorqueVectoring	0	260.814	1531.32


SYSTEM_START	-	MM-C107-07	MM-C107-07	2024-04-06 21:03:15


SYSTEM_INFO	CarMaker 12.0.1 - Car_Generic #5	jetbrains@66e0c34c4bd1 2023-05-24 12:39:25	(12.0.1 jetbrains@66e0c34c4bd1 2023-05-24 12:29:03)
SIM	1712426595	MM-C107-07	emanuese	TorqueVectoring	0	108.14	1489.26


SYSTEM_START	-	MM-C107-07	MM-C107-07	2024-04-06 21:04:37


SYSTEM_INFO	CarMaker 12.0.1 - Car_Generic #5	jetbrains@66e0c34c4bd1 2023-05-24 12:39:25	(12.0.1 jetbrains@66e0c34c4bd1 2023-05-24 12:29:03)
SIM	1712426677	MM-C107-07	emanuese	TorqueVectoring	0	108.231	1489.28


SYSTEM_START	-	MM-C107-07	MM-C107-07	2024-04-06 21:06:41


SYSTEM_INFO	CarMaker 12.0.1 - Car_Generic #5	jetbrains@66e0c34c4bd1 2023-05-24 12:39:25	(12.0.1 jetbrains@66e0c34c4bd1 2023-05-24 12:29:03)
SIM	1712426801	MM-C107-07	emanuese	TorqueVectoring	0	47.108	9.57205e-06


SYSTEM_START	-	MM-C107-07	MM-C107-07	2024-04-06 21:07:50


SYSTEM_INFO	CarMaker 12.0.1 - Car_Generic #5	jetbrains@66e0c34c4bd1 2023-05-24 12:39:25	(12.0.1 jetbrains@66e0c34c4bd1 2023-05-24 12:29:03)
SIM	1712426870	MM-C107-07	emanuese	TorqueVectoring	0	108.304	1489.41
