APPLICATION	CarMaker 12.0.1 - Car_Generic #5 (win64-12.0.1)
COMPILED	jetbrains@66e0c34c4bd1 2023-05-24 12:39:25
 
		I/O Configuration: default
SIM_START	TorqueVectoring	2024-04-06 20:19:49
TIME	0.001
WARNING		PowerTrain OpenXWD: No selected PowerTrainXWD model; calculation using DVA is possible, but without 'integration substepping'
TIME	0.000
SIMULATE	TorqueVectoring

TIME	10.003
WARNING		IPGDriver: Learn procedure not finished, knowledge not complete. (id=202)
SIM_END		TorqueVectoring	10s	9.387m
APPLICATION	CarMaker 12.0.1 - Car_Generic #5 (win64-12.0.1)
COMPILED	jetbrains@66e0c34c4bd1 2023-05-24 12:39:25
 
		I/O Configuration: default
SIM_START	TorqueVectoring	2024-04-06 20:21:24
TIME	0.000
SIMULATE	TorqueVectoring

TIME	10.003
SIM_END		TorqueVectoring	10s	28.848m
APPLICATION	CarMaker 12.0.1 - Car_Generic #5 (win64-12.0.1)
COMPILED	jetbrains@66e0c34c4bd1 2023-05-24 12:39:25
 
		I/O Configuration: default
SIM_START	TorqueVectoring	2024-04-06 20:23:59
TIME	0.000
SIMULATE	TorqueVectoring

TIME	10.003
SIM_END		TorqueVectoring	10s	28.848m
