APPLICATION	CarMaker 12.0.1 - Car_Generic #5 (win64-12.0.1)
COMPILED	jetbrains@66e0c34c4bd1 2023-05-24 12:39:25
 
		I/O Configuration: default
SIM_START	TorqueVectoring	2024-04-06 20:30:08
TIME	0.000
SIMULATE	TorqueVectoring

TIME	10.003
SIM_END		TorqueVectoring	10s	28.848m
APPLICATION	CarMaker 12.0.1 - Car_Generic #5 (win64-12.0.1)
COMPILED	jetbrains@66e0c34c4bd1 2023-05-24 12:39:25
 
		I/O Configuration: default
SIM_START	TorqueVectoring	2024-04-06 20:32:55
TIME	0.000
SIMULATE	TorqueVectoring

TIME	10.003
SIM_END		TorqueVectoring	10s	28.848m
APPLICATION	CarMaker 12.0.1 - Car_Generic #5 (win64-12.0.1)
COMPILED	jetbrains@66e0c34c4bd1 2023-05-24 12:39:25
 
		I/O Configuration: default
SIM_START	TorqueVectoring	2024-04-06 20:33:21
TIME	0.000
SIMULATE	TorqueVectoring

		Ego: Maneuvers triggered simultaneously, choose longitudinal maneuver 0 and lateral maneuver 0
TIME	10.003
SIM_END		TorqueVectoring	10s	28.848m
